<?xml version="1.0" encoding="UTF-8" ?>
<testsuite tests="2" failures="0" name="com.tuttosport.run.TestRunner" time="86.614" errors="0" skipped="0">
  <properties>
[...]
</properties>
  <testcase classname="As a user, I want to enter my email and my password to authenticate" name="Connect with wrong email or wrong passeword #1" time="56.169"/>
  <testcase classname="As a user, I want to enter my email and my password to authenticate" name="Connect with wrong email or wrong passeword #2" time="30.445"/>
</testsuite>